<?xml version="1.0" encoding="UTF-8"?>
<testng-results skipped="0" failed="0" ignored="0" total="1" passed="1">
  <reporter-output>
  </reporter-output>
  <suite name="Facebook Application" duration-ms="10195" started-at="2020-07-03T07:42:52Z" finished-at="2020-07-03T07:43:03Z">
    <groups>
    </groups>
    <test name="Login Facebook" duration-ms="10195" started-at="2020-07-03T07:42:52Z" finished-at="2020-07-03T07:43:03Z">
      <class name="com.facebookApps.tests.TC_LoginTest_001">
        <test-method status="PASS" signature="setup(java.lang.String)[pri:0, instance:com.facebookApps.tests.TC_LoginTest_001@5b0abc94]" name="setup" is-config="true" duration-ms="3421" started-at="2020-07-03T07:42:52Z" finished-at="2020-07-03T07:42:56Z">
          <params>
            <param index="0">
              <value>
                <![CDATA[chrome]]>
              </value>
            </param>
          </params>
          <reporter-output>
          </reporter-output>
        </test-method> <!-- setup -->
        <test-method status="PASS" signature="LoginTest()[pri:0, instance:com.facebookApps.tests.TC_LoginTest_001@5b0abc94]" name="LoginTest" duration-ms="5998" started-at="2020-07-03T07:42:56Z" finished-at="2020-07-03T07:43:02Z">
          <reporter-output>
          </reporter-output>
        </test-method> <!-- LoginTest -->
        <test-method status="PASS" signature="Close()[pri:0, instance:com.facebookApps.tests.TC_LoginTest_001@5b0abc94]" name="Close" is-config="true" duration-ms="741" started-at="2020-07-03T07:43:02Z" finished-at="2020-07-03T07:43:03Z">
          <reporter-output>
          </reporter-output>
        </test-method> <!-- Close -->
      </class> <!-- com.facebookApps.tests.TC_LoginTest_001 -->
    </test> <!-- Login Facebook -->
  </suite> <!-- Facebook Application -->
</testng-results>
